           *******************************************************
                            Listing of SPARK Text
                              Examiner GPL 2012
             Copyright (C) 2012 Altran Praxis Limited, Bath, U.K.
           *******************************************************


                        DATE : 20-OCT-2015 10:25:22.38

Line
   1  package body Alarm 
   2  --# own State is Alarm_State;
   3  is
   4      Alarm_State: Boolean;
   5      procedure Enable
   6      --# global out Alarm_State;
   7      --# derives Alarm_State from ;
   8      is
   9      begin
  10          Alarm_State := True;
  11      end Enable;

+++        Flow analysis of subprogram Enable performed 
           (information-flow mode): no errors found.

  12  
  13      procedure Disable
  14      --# global out Alarm_State;
  15      --# derives Alarm_State from ;
  16      is
  17      begin
  18          Alarm_State := False;
  19      end Disable;

+++        Flow analysis of subprogram Disable performed 
           (information-flow mode): no errors found.

  20  
  21  
  22      function Enabled return Boolean
  23      --# global in Alarm_State;
  24      is
  25      begin
  26          return Alarm_State;
  27      end Enabled;

+++        Flow analysis of subprogram Enabled performed 
           (information-flow mode): no errors found.

  28  
  29  begin
  30      Alarm_State := False;
  31  end Alarm;

+++        Flow analysis of package initialization 
           performed: no errors found.


Note: Flow analysis mode is automatic


--End of file--------------------------------------------------
