This is pdfTeX, Version 3.14159265-2.6-1.40.15 (TeX Live 2014/Debian) (preloaded format=pdflatex 2015.10.9)  21 OCT 2015 11:34
entering extended mode
 restricted \write18 enabled.
 %&-line parsing enabled.
**report.tex
(./report.tex
LaTeX2e <2014/05/01>
Babel <3.9k> and hyphenation patterns for 4 languages loaded.
(/usr/share/texlive/texmf-dist/tex/latex/base/article.cls
Document Class: article 2007/10/19 v1.4h Standard LaTeX document class
(/usr/share/texlive/texmf-dist/tex/latex/base/size10.clo
File: size10.clo 2007/10/19 v1.4h Standard LaTeX file (size option)
)
\c@part=\count79
\c@section=\count80
\c@subsection=\count81
\c@subsubsection=\count82
\c@paragraph=\count83
\c@subparagraph=\count84
\c@figure=\count85
\c@table=\count86
\abovecaptionskip=\skip41
\belowcaptionskip=\skip42
\bibindent=\dimen102
)
(/usr/share/texlive/texmf-dist/tex/latex/cite/cite.sty
LaTeX Info: Redefining \cite on input line 302.
LaTeX Info: Redefining \nocite on input line 373.
Package: cite 2010/09/10  v 5.3
)
(/usr/share/texlive/texmf-dist/tex/latex/listings/listings.sty
(/usr/share/texlive/texmf-dist/tex/latex/graphics/keyval.sty
Package: keyval 2014/05/08 v1.15 key=value parser (DPC)
\KV@toks@=\toks14
)
\lst@mode=\count87
\lst@gtempboxa=\box26
\lst@token=\toks15
\lst@length=\count88
\lst@currlwidth=\dimen103
\lst@column=\count89
\lst@pos=\count90
\lst@lostspace=\dimen104
\lst@width=\dimen105
\lst@newlines=\count91
\lst@lineno=\count92
\lst@maxwidth=\dimen106

(/usr/share/texlive/texmf-dist/tex/latex/listings/lstmisc.sty
File: lstmisc.sty 2014/03/04 1.5c (Carsten Heinz)
\c@lstnumber=\count93
\lst@skipnumbers=\count94
\lst@framebox=\box27
)
(/usr/share/texlive/texmf-dist/tex/latex/listings/listings.cfg
File: listings.cfg 2014/03/04 1.5c listings configuration
))
Package: listings 2014/03/04 1.5c (Carsten Heinz)

(/usr/share/texlive/texmf-dist/tex/latex/graphics/graphicx.sty
Package: graphicx 2014/04/25 v1.0g Enhanced LaTeX Graphics (DPC,SPQR)

(/usr/share/texlive/texmf-dist/tex/latex/graphics/graphics.sty
Package: graphics 2009/02/05 v1.0o Standard LaTeX Graphics (DPC,SPQR)

(/usr/share/texlive/texmf-dist/tex/latex/graphics/trig.sty
Package: trig 1999/03/16 v1.09 sin cos tan (DPC)
)
(/usr/share/texlive/texmf-dist/tex/latex/latexconfig/graphics.cfg
File: graphics.cfg 2010/04/23 v1.9 graphics configuration of TeX Live
)
Package graphics Info: Driver file: pdftex.def on input line 91.

(/usr/share/texlive/texmf-dist/tex/latex/pdftex-def/pdftex.def
File: pdftex.def 2011/05/27 v0.06d Graphics/color for pdfTeX

(/usr/share/texlive/texmf-dist/tex/generic/oberdiek/infwarerr.sty
Package: infwarerr 2010/04/08 v1.3 Providing info/warning/error messages (HO)
)
(/usr/share/texlive/texmf-dist/tex/generic/oberdiek/ltxcmds.sty
Package: ltxcmds 2011/11/09 v1.22 LaTeX kernel commands for general use (HO)
)
\Gread@gobject=\count95
))
\Gin@req@height=\dimen107
\Gin@req@width=\dimen108
)
(./report.aux)
\openout1 = `report.aux'.

LaTeX Font Info:    Checking defaults for OML/cmm/m/it on input line 6.
LaTeX Font Info:    ... okay on input line 6.
LaTeX Font Info:    Checking defaults for T1/cmr/m/n on input line 6.
LaTeX Font Info:    ... okay on input line 6.
LaTeX Font Info:    Checking defaults for OT1/cmr/m/n on input line 6.
LaTeX Font Info:    ... okay on input line 6.
LaTeX Font Info:    Checking defaults for OMS/cmsy/m/n on input line 6.
LaTeX Font Info:    ... okay on input line 6.
LaTeX Font Info:    Checking defaults for OMX/cmex/m/n on input line 6.
LaTeX Font Info:    ... okay on input line 6.
LaTeX Font Info:    Checking defaults for U/cmr/m/n on input line 6.
LaTeX Font Info:    ... okay on input line 6.
\c@lstlisting=\count96
 (/usr/share/texlive/texmf-dist/tex/context/base/supp-pdf.mkii
[Loading MPS to PDF converter (version 2006.09.02).]
\scratchcounter=\count97
\scratchdimen=\dimen109
\scratchbox=\box28
\nofMPsegments=\count98
\nofMParguments=\count99
\everyMPshowfont=\toks16
\MPscratchCnt=\count100
\MPscratchDim=\dimen110
\MPnumerator=\count101
\makeMPintoPDFobject=\count102
\everyMPtoPDFconversion=\toks17
) (/usr/share/texlive/texmf-dist/tex/generic/oberdiek/pdftexcmds.sty
Package: pdftexcmds 2011/11/29 v0.20 Utility functions of pdfTeX for LuaTeX (HO
)

(/usr/share/texlive/texmf-dist/tex/generic/oberdiek/ifluatex.sty
Package: ifluatex 2010/03/01 v1.3 Provides the ifluatex switch (HO)
Package ifluatex Info: LuaTeX not detected.
)
(/usr/share/texlive/texmf-dist/tex/generic/oberdiek/ifpdf.sty
Package: ifpdf 2011/01/30 v2.3 Provides the ifpdf switch (HO)
Package ifpdf Info: pdfTeX in PDF mode is detected.
)
Package pdftexcmds Info: LuaTeX not detected.
Package pdftexcmds Info: \pdf@primitive is available.
Package pdftexcmds Info: \pdf@ifprimitive is available.
Package pdftexcmds Info: \pdfdraftmode found.
)
(/usr/share/texlive/texmf-dist/tex/latex/oberdiek/epstopdf-base.sty
Package: epstopdf-base 2010/02/09 v2.5 Base part for package epstopdf

(/usr/share/texlive/texmf-dist/tex/latex/oberdiek/grfext.sty
Package: grfext 2010/08/19 v1.1 Manage graphics extensions (HO)

(/usr/share/texlive/texmf-dist/tex/generic/oberdiek/kvdefinekeys.sty
Package: kvdefinekeys 2011/04/07 v1.3 Define keys (HO)
))
(/usr/share/texlive/texmf-dist/tex/latex/oberdiek/kvoptions.sty
Package: kvoptions 2011/06/30 v3.11 Key value format for package options (HO)

(/usr/share/texlive/texmf-dist/tex/generic/oberdiek/kvsetkeys.sty
Package: kvsetkeys 2012/04/25 v1.16 Key value parser (HO)

(/usr/share/texlive/texmf-dist/tex/generic/oberdiek/etexcmds.sty
Package: etexcmds 2011/02/16 v1.5 Avoid name clashes with e-TeX commands (HO)
Package etexcmds Info: Could not find \expanded.
(etexcmds)             That can mean that you are not using pdfTeX 1.50 or
(etexcmds)             that some package has redefined \expanded.
(etexcmds)             In the latter case, load this package earlier.
)))
Package grfext Info: Graphics extension search list:
(grfext)             [.png,.pdf,.jpg,.mps,.jpeg,.jbig2,.jb2,.PNG,.PDF,.JPG,.JPE
G,.JBIG2,.JB2,.eps]
(grfext)             \AppendGraphicsExtensions on input line 452.

(/usr/share/texlive/texmf-dist/tex/latex/latexconfig/epstopdf-sys.cfg
File: epstopdf-sys.cfg 2010/07/13 v1.3 Configuration of (r)epstopdf for TeX Liv
e
))
LaTeX Font Info:    External font `cmex10' loaded for size
(Font)              <12> on input line 13.
LaTeX Font Info:    External font `cmex10' loaded for size
(Font)              <8> on input line 13.
LaTeX Font Info:    External font `cmex10' loaded for size
(Font)              <6> on input line 13.

[1

{/var/lib/texmf/fonts/map/pdftex/updmap/pdftex.map}] (./report.toc
LaTeX Font Info:    External font `cmex10' loaded for size
(Font)              <7> on input line 5.
LaTeX Font Info:    External font `cmex10' loaded for size
(Font)              <5> on input line 5.
)
\tf@toc=\write3
\openout3 = `report.toc'.

LaTeX Font Info:    Try loading font information for OMS+cmr on input line 20.

(/usr/share/texlive/texmf-dist/tex/latex/base/omscmr.fd
File: omscmr.fd 1999/05/25 v2.5h Standard LaTeX font definitions
)
LaTeX Font Info:    Font shape `OMS/cmr/m/n' in size <10> not available
(Font)              Font shape `OMS/cmsy/m/n' tried instead on input line 20.
 [1]
<diagram.png, id=14, 690.58pt x 249.93375pt>
File: diagram.png Graphic file (type png)
 <use diagram.png>
Package pdftex.def Info: diagram.png used on input line 24.
(pdftex.def)             Requested size: 345.28915pt x 124.96657pt.

Overfull \hbox (0.28915pt too wide) in paragraph at lines 24--25
[] 
 []

LaTeX Font Info:    Font shape `OMS/cmr/m/n' in size <5> not available
(Font)              Font shape `OMS/cmsy/m/n' tried instead on input line 30.
[2 <./diagram.png>] [3]
LaTeX Font Info:    Try loading font information for OML+cmr on input line 232.

 (/usr/share/texlive/texmf-dist/tex/latex/base/omlcmr.fd
File: omlcmr.fd 1999/05/25 v2.5h Standard LaTeX font definitions
)
LaTeX Font Info:    Font shape `OML/cmr/m/n' in size <5> not available
(Font)              Font shape `OML/cmm/m/it' tried instead on input line 232.
 [4]
Overfull \hbox (185.84457pt too wide) in paragraph at lines 297--298
[][][][][][][][][][][][][][][][][][][][][][][][][][][][][][][][][][][][][][][][
][][][][][][][][] 
 []


Overfull \hbox (2.09068pt too wide) in paragraph at lines 306--307
[][][][][][][][][][][][][][][][][][][][][][][] 
 []


Overfull \hbox (26.5912pt too wide) in paragraph at lines 345--346
[][][][][][][][][][][][][][][][][][][][][][][][][][][][][][][][][] 
 []

[5] [6]
LaTeX Font Info:    Font shape `OMS/cmr/m/n' in size <9> not available
(Font)              Font shape `OMS/cmsy/m/n' tried instead on input line 529.

Overfull \hbox (21.30121pt too wide) in paragraph at lines 529--530
[][][][] 
 []


Overfull \hbox (15.75119pt too wide) in paragraph at lines 532--533
[][][][][][][][][][][][][][][][][][][][][][][][][] 
 []


Overfull \hbox (21.30121pt too wide) in paragraph at lines 533--536
[][][][] 
 []

LaTeX Font Info:    External font `cmex10' loaded for size
(Font)              <9> on input line 536.

Overfull \hbox (82.35141pt too wide) in paragraph at lines 545--546
[][][][][][][][][][][][][][][][][][][][][][][][][][][][][] 
 []

[7]
Overfull \hbox (4.65115pt too wide) in paragraph at lines 553--555
[][][][][][][][][] 
 []


Overfull \hbox (21.30121pt too wide) in paragraph at lines 560--561
[][][][] 
 []


Overfull \hbox (15.75119pt too wide) in paragraph at lines 563--564
[][][][][][][][][][][][][][][][][][][][][][][][][] 
 []


Overfull \hbox (21.30121pt too wide) in paragraph at lines 564--567
[][][][] 
 []

LaTeX Font Info:    Font shape `OML/cmr/m/n' in size <9> not available
(Font)              Font shape `OML/cmm/m/it' tried instead on input line 582.

Overfull \hbox (165.60168pt too wide) in paragraph at lines 596--597
[][][][][][][][][][][][][][][][][][][][][][][][][][][][][][] 
 []

[8]
Overfull \hbox (4.65115pt too wide) in paragraph at lines 628--630
[][][][][][][][][] 
 []

[9] [10]
Overfull \hbox (4.65115pt too wide) in paragraph at lines 823--824
[][][][][][][][][][][][][][][][][][][][][][][][][][][][][][][][][][]
 []


Overfull \hbox (4.65115pt too wide) in paragraph at lines 824--825
[][][][][][][][][][][][][][][][][][][][][][][][][][][][][]
 []


Overfull \hbox (4.65115pt too wide) in paragraph at lines 825--826
[][][][][][][][][][][][][][][][][][][][][][][][][][][][][]
 []


Overfull \hbox (4.65115pt too wide) in paragraph at lines 826--827
[][][][][][][][][][][][][][][][][][][][][][][][][][][][][]
 []


Overfull \hbox (4.65115pt too wide) in paragraph at lines 827--828
[][][][][][][][][][][][][][][][][][][][][][][][][][][][][]
 []


Overfull \hbox (4.65115pt too wide) in paragraph at lines 828--829
[][][][][][][][][][][][][][][][][][][][][][][][][][][][][]
 []


Overfull \hbox (4.65115pt too wide) in paragraph at lines 829--830
[][][][][][][][][][][][][][][][][][][][][][][][][][][][][]
 []


Overfull \hbox (4.65115pt too wide) in paragraph at lines 830--831
[][][][][][][][][][][][][][][][][][][][][][][][][][][][][]
 []


Overfull \hbox (4.65115pt too wide) in paragraph at lines 831--832
[][][][][][][][][][][][][][][][][][][][][][][][][][][][][]
 []


Overfull \hbox (4.65115pt too wide) in paragraph at lines 832--833
[][][][][][][][][][][][][][][][][][][][][][][][][][][][][]
 []


Overfull \hbox (4.65115pt too wide) in paragraph at lines 833--834
[][][][][][][][][][][][][][][][][][][][][][][][][][][][][]
 []


Overfull \hbox (4.65115pt too wide) in paragraph at lines 834--835
[][][][][][][][][][][][][][][][][][][][][][][][][][][][][]
 []


Overfull \hbox (4.65115pt too wide) in paragraph at lines 835--836
[][][][][][][][][][][][][][][][][][][][][][][][][][][][][]
 []


Overfull \hbox (4.65115pt too wide) in paragraph at lines 836--837
[][][][][][][][][][][][][][][][][][][][][][][][][][][][][]
 []


Overfull \hbox (4.65115pt too wide) in paragraph at lines 837--838
[][][][][][][][][][][][][][][][][][][][][][][][][][][][][]
 []


Overfull \hbox (4.65115pt too wide) in paragraph at lines 838--839
[][][][][][][][][][][][][][][][][][][][][][][][][][][][][]
 []

[11]
Overfull \hbox (4.65115pt too wide) in paragraph at lines 839--840
[][][][][][][][][][][][][][][][][][][][][][][][][][][][][]
 []


Overfull \hbox (4.65115pt too wide) in paragraph at lines 840--841
[][][][][][][][][][][][][][][][][][][][][][][][][][][][][]
 []


Overfull \hbox (4.65115pt too wide) in paragraph at lines 841--842
[][][][][][][][][][][][][][][][][][][][][][][][][][][][][]
 []


Overfull \hbox (4.65115pt too wide) in paragraph at lines 842--843
[][][][][][][][][][][][][][][][][][][][][][][][][][][][][]
 []


Overfull \hbox (4.65115pt too wide) in paragraph at lines 843--844
[][][][][][][][][][][][][][][][][][][][][][][][][][][][][]
 []


Overfull \hbox (4.65115pt too wide) in paragraph at lines 844--845
[][][][][][][][][][][][][][][][][][][][][][][][][][][][][]
 []


Overfull \hbox (4.65115pt too wide) in paragraph at lines 845--846
[][][][][][][][][][][][][][][][][][][][][][][][][][][][][]
 []


Overfull \hbox (4.65115pt too wide) in paragraph at lines 846--847
[][][][][][][][][][][][][][][][][][][][][][][][][][][][][]
 []


Overfull \hbox (4.65115pt too wide) in paragraph at lines 847--848
[][][][][][][][][][][][][][][][][][][][][][][][][][][][][]
 []


Overfull \hbox (4.65115pt too wide) in paragraph at lines 848--849
[][][][][][][][][][][][][][][][][][][][][][][][][][][][][]
 []


Overfull \hbox (4.65115pt too wide) in paragraph at lines 849--850
[][][][][][][][][][][][][][][][][][][][][][][][][][][][][]
 []


Overfull \hbox (4.65115pt too wide) in paragraph at lines 850--851
[][][][][][][][][][][][][][][][][][][][][][][][][][][][][]
 []


Overfull \hbox (4.65115pt too wide) in paragraph at lines 851--852
[][][][][][][][][][][][][][][][][][][][][][][][][][][][][]
 []


Overfull \hbox (4.65115pt too wide) in paragraph at lines 852--853
[][][][][][][][][][][][][][][][][][][][][][][][][][][][][]
 []


Overfull \hbox (4.65115pt too wide) in paragraph at lines 853--854
[][][][][][][][][][][][][][][][][][][][][][][][][][][][][]
 []


Overfull \hbox (4.65115pt too wide) in paragraph at lines 854--855
[][][][][][][][][][][][][][][][][][][][][][][][][][][][][]
 []


Overfull \hbox (4.65115pt too wide) in paragraph at lines 855--856
[][][][][][][][][][][][][][][][][][][][][][][][][][][][][]
 []


Overfull \hbox (4.65115pt too wide) in paragraph at lines 856--857
[][][][][][][][][][][][][][][][][][][][][][][][][][][][][]
 []


Overfull \hbox (4.65115pt too wide) in paragraph at lines 857--858
[][][][][][][][][][][][][][][][][][][][][][][][][][][][][]
 []


Overfull \hbox (4.65115pt too wide) in paragraph at lines 858--859
[][][][][][][][][][][][][][][][][][][][][][][][][][][][][]
 []


Overfull \hbox (4.65115pt too wide) in paragraph at lines 859--860
[][][][][][][][][][][][][][][][][][][][][][][][][][][][][]
 []


Overfull \hbox (4.65115pt too wide) in paragraph at lines 860--862
[][][][][][][][][][][][][][][][][][][][][][][][][][][][][]
 []


Overfull \hbox (4.65115pt too wide) in paragraph at lines 867--868
[][][][][][][][][][][][][][][][][][][][][][][][][][][][][][][][][][]
 []


Overfull \hbox (4.65115pt too wide) in paragraph at lines 868--869
[][][][][][][][][][][][][][][][][][][][][][][][][][][][][]
 []


Overfull \hbox (4.65115pt too wide) in paragraph at lines 869--870
[][][][][][][][][][][][][][][][][][][][][][][][][][][][][]
 []

[12]
Overfull \hbox (4.65115pt too wide) in paragraph at lines 870--871
[][][][][][][][][][][][][][][][][][][][][][][][][][][][][]
 []


Overfull \hbox (4.65115pt too wide) in paragraph at lines 871--872
[][][][][][][][][][][][][][][][][][][][][][][][][][][][][]
 []


Overfull \hbox (4.65115pt too wide) in paragraph at lines 872--873
[][][][][][][][][][][][][][][][][][][][][][][][][][][][][]
 []


Overfull \hbox (4.65115pt too wide) in paragraph at lines 873--874
[][][][][][][][][][][][][][][][][][][][][][][][][][][][][]
 []


Overfull \hbox (4.65115pt too wide) in paragraph at lines 874--875
[][][][][][][][][][][][][][][][][][][][][][][][][][][][][]
 []


Overfull \hbox (4.65115pt too wide) in paragraph at lines 875--876
[][][][][][][][][][][][][][][][][][][][][][][][][][][][][]
 []


Overfull \hbox (4.65115pt too wide) in paragraph at lines 876--877
[][][][][][][][][][][][][][][][][][][][][][][][][][][][][]
 []


Overfull \hbox (4.65115pt too wide) in paragraph at lines 877--878
[][][][][][][][][][][][][][][][][][][][][][][][][][][][][]
 []


Overfull \hbox (4.65115pt too wide) in paragraph at lines 878--879
[][][][][][][][][][][][][][][][][][][][][][][][][][][][][]
 []


Overfull \hbox (4.65115pt too wide) in paragraph at lines 879--880
[][][][][][][][][][][][][][][][][][][][][][][][][][][][][]
 []


Overfull \hbox (4.65115pt too wide) in paragraph at lines 880--881
[][][][][][][][][][][][][][][][][][][][][][][][][][][][][]
 []


Overfull \hbox (4.65115pt too wide) in paragraph at lines 881--882
[][][][][][][][][][][][][][][][][][][][][][][][][][][][][]
 []


Overfull \hbox (4.65115pt too wide) in paragraph at lines 882--883
[][][][][][][][][][][][][][][][][][][][][][][][][][][][][]
 []


Overfull \hbox (4.65115pt too wide) in paragraph at lines 883--884
[][][][][][][][][][][][][][][][][][][][][][][][][][][][][]
 []


Overfull \hbox (4.65115pt too wide) in paragraph at lines 884--885
[][][][][][][][][][][][][][][][][][][][][][][][][][][][][]
 []


Overfull \hbox (4.65115pt too wide) in paragraph at lines 885--886
[][][][][][][][][][][][][][][][][][][][][][][][][][][][][]
 []


Overfull \hbox (4.65115pt too wide) in paragraph at lines 886--887
[][][][][][][][][][][][][][][][][][][][][][][][][][][][][]
 []


Overfull \hbox (4.65115pt too wide) in paragraph at lines 887--888
[][][][][][][][][][][][][][][][][][][][][][][][][][][][][]
 []


Overfull \hbox (4.65115pt too wide) in paragraph at lines 888--889
[][][][][][][][][][][][][][][][][][][][][][][][][][][][][]
 []


Overfull \hbox (4.65115pt too wide) in paragraph at lines 889--890
[][][][][][][][][][][][][][][][][][][][][][][][][][][][][]
 []


Overfull \hbox (4.65115pt too wide) in paragraph at lines 890--891
[][][][][][][][][][][][][][][][][][][][][][][][][][][][][]
 []


Overfull \hbox (4.65115pt too wide) in paragraph at lines 891--892
[][][][][][][][][][][][][][][][][][][][][][][][][][][][][]
 []


Overfull \hbox (4.65115pt too wide) in paragraph at lines 892--893
[][][][][][][][][][][][][][][][][][][][][][][][][][][][][]
 []


Overfull \hbox (4.65115pt too wide) in paragraph at lines 893--894
[][][][][][][][][][][][][][][][][][][][][][][][][][][][][]
 []


Overfull \hbox (4.65115pt too wide) in paragraph at lines 894--895
[][][][][][][][][][][][][][][][][][][][][][][][][][][][][]
 []


Overfull \hbox (4.65115pt too wide) in paragraph at lines 895--896
[][][][][][][][][][][][][][][][][][][][][][][][][][][][][]
 []


Overfull \hbox (4.65115pt too wide) in paragraph at lines 896--897
[][][][][][][][][][][][][][][][][][][][][][][][][][][][][]
 []

[13]
Overfull \hbox (4.65115pt too wide) in paragraph at lines 897--898
[][][][][][][][][][][][][][][][][][][][][][][][][][][][][]
 []


Overfull \hbox (4.65115pt too wide) in paragraph at lines 898--899
[][][][][][][][][][][][][][][][][][][][][][][][][][][][][]
 []


Overfull \hbox (4.65115pt too wide) in paragraph at lines 899--900
[][][][][][][][][][][][][][][][][][][][][][][][][][][][][]
 []


Overfull \hbox (4.65115pt too wide) in paragraph at lines 900--901
[][][][][][][][][][][][][][][][][][][][][][][][][][][][][]
 []


Overfull \hbox (4.65115pt too wide) in paragraph at lines 901--902
[][][][][][][][][][][][][][][][][][][][][][][][][][][][][]
 []


Overfull \hbox (4.65115pt too wide) in paragraph at lines 902--903
[][][][][][][][][][][][][][][][][][][][][][][][][][][][][]
 []


Overfull \hbox (4.65115pt too wide) in paragraph at lines 903--904
[][][][][][][][][][][][][][][][][][][][][][][][][][][][][]
 []


Overfull \hbox (4.65115pt too wide) in paragraph at lines 904--905
[][][][][][][][][][][][][][][][][][][][][][][][][][][][][]
 []


Overfull \hbox (4.65115pt too wide) in paragraph at lines 905--906
[][][][][][][][][][][][][][][][][][][][][][][][][][][][][]
 []


Overfull \hbox (4.65115pt too wide) in paragraph at lines 906--907
[][][][][][][][][][][][][][][][][][][][][][][][][][][][][]
 []


Overfull \hbox (4.65115pt too wide) in paragraph at lines 907--908
[][][][][][][][][][][][][][][][][][][][][][][][][][][][][]
 []


Overfull \hbox (4.65115pt too wide) in paragraph at lines 908--909
[][][][][][][][][][][][][][][][][][][][][][][][][][][][][]
 []


Overfull \hbox (4.65115pt too wide) in paragraph at lines 909--910
[][][][][][][][][][][][][][][][][][][][][][][][][][][][][]
 []


Overfull \hbox (4.65115pt too wide) in paragraph at lines 910--911
[][][][][][][][][][][][][][][][][][][][][][][][][][][][][]
 []


Overfull \hbox (4.65115pt too wide) in paragraph at lines 911--912
[][][][][][][][][][][][][][][][][][][][][][][][][][][][][]
 []


Overfull \hbox (4.65115pt too wide) in paragraph at lines 912--913
[][][][][][][][][][][][][][][][][][][][][][][][][][][][][]
 []


Overfull \hbox (4.65115pt too wide) in paragraph at lines 913--914
[][][][][][][][][][][][][][][][][][][][][][][][][][][][][]
 []


Overfull \hbox (4.65115pt too wide) in paragraph at lines 914--915
[][][][][][][][][][][][][][][][][][][][][][][][][][][][][]
 []


Overfull \hbox (4.65115pt too wide) in paragraph at lines 915--916
[][][][][][][][][][][][][][][][][][][][][][][][][][][][][]
 []


Overfull \hbox (4.65115pt too wide) in paragraph at lines 916--917
[][][][][][][][][][][][][][][][][][][][][][][][][][][][][]
 []


Overfull \hbox (93.45145pt too wide) in paragraph at lines 923--924
[][][] 
 []


Overfull \hbox (10.20117pt too wide) in paragraph at lines 926--927
[][][][][][][][][][][][][][][][][][][][][][][][][] 
 []


Overfull \hbox (93.45145pt too wide) in paragraph at lines 927--929
[][][] 
 []

[14]
Overfull \hbox (15.75119pt too wide) in paragraph at lines 947--948
[][][][][][][][][][][][][][][][][][][][][][][][] 
 []


Overfull \hbox (49.0513pt too wide) in paragraph at lines 965--966
[][][][][][][][][][][][][][][][][][][][][][][][] 
 []


Overfull \hbox (87.90143pt too wide) in paragraph at lines 973--974
[][][][] 
 []


Overfull \hbox (93.45145pt too wide) in paragraph at lines 974--975
[][][][][][][][][][][][][][][][][][][][][][][][][][][][][][][][][][][][][][][] 

 []


Overfull \hbox (87.90143pt too wide) in paragraph at lines 975--976
[][][] 
 []


Overfull \hbox (37.95126pt too wide) in paragraph at lines 976--977
[][][][][][][][][][][][][][][][][][][][][][][][][][][][][][][][][][][][][]
 []


Overfull \hbox (87.90143pt too wide) in paragraph at lines 977--980
[][][][] 
 []


Overfull \hbox (43.50128pt too wide) in paragraph at lines 980--981
[][][][][][][][][][][][][][][][][][][][][][][][] 
 []

[15]
Overfull \hbox (87.90143pt too wide) in paragraph at lines 988--989
[][][][] 
 []


Overfull \hbox (93.45145pt too wide) in paragraph at lines 989--990
[][][][][][][][][][][][][][][][][][][][][][][][][][][][][][][][][][][][][][][] 

 []


Overfull \hbox (87.90143pt too wide) in paragraph at lines 990--991
[][][] 
 []


Overfull \hbox (37.95126pt too wide) in paragraph at lines 991--992
[][][][][][][][][][][][][][][][][][][][][][][][][][][][][][][][][][][][][]
 []


Overfull \hbox (87.90143pt too wide) in paragraph at lines 992--995
[][][][] 
 []


Overfull \hbox (49.0513pt too wide) in paragraph at lines 995--996
[][][][][][][][][][][][][][][][][][][][][][][][] 
 []


Overfull \hbox (87.90143pt too wide) in paragraph at lines 1003--1004
[][][][] 
 []


Overfull \hbox (93.45145pt too wide) in paragraph at lines 1004--1005
[][][][][][][][][][][][][][][][][][][][][][][][][][][][][][][][][][][][][][][] 

 []


Overfull \hbox (87.90143pt too wide) in paragraph at lines 1005--1006
[][][] 
 []


Overfull \hbox (37.95126pt too wide) in paragraph at lines 1006--1007
[][][][][][][][][][][][][][][][][][][][][][][][][][][][][][][][][][][][][]
 []


Overfull \hbox (87.90143pt too wide) in paragraph at lines 1007--1010
[][][][] 
 []


Overfull \hbox (93.45145pt too wide) in paragraph at lines 1010--1011
[][][] 
 []


Overfull \hbox (60.15134pt too wide) in paragraph at lines 1014--1015
[][][] 
 []


Overfull \hbox (54.60132pt too wide) in paragraph at lines 1015--1016
[][][][][][][][][][][][][][][][][][][][][][][][]
 []


Overfull \hbox (54.60132pt too wide) in paragraph at lines 1016--1017
[][][][][][][][][][][][][][][][][][][][][][][][]
 []


Overfull \hbox (54.60132pt too wide) in paragraph at lines 1017--1018
[][][][][][][][][][][][][][][][][][][][][][][][]
 []


Overfull \hbox (54.60132pt too wide) in paragraph at lines 1018--1019
[][][][][][][][][][][][][][][][][][][][][][][][][][][][]
 []


Overfull \hbox (54.60132pt too wide) in paragraph at lines 1019--1020
[][][][][][][][][][][][][][][][][][][][][][][][]
 []


Overfull \hbox (54.60132pt too wide) in paragraph at lines 1020--1021
[][][][][][][][][][][][][][][][][][][][][][][][]
 []


Overfull \hbox (54.60132pt too wide) in paragraph at lines 1021--1022
[][][][][][][][][][][][][][][][][][][][][][][][]
 []


Overfull \hbox (54.60132pt too wide) in paragraph at lines 1022--1024
[][][][][][][][][][][][][][][][][][][][][][][][]
 []


Overfull \hbox (4.65115pt too wide) in paragraph at lines 1024--1025
[][][][][][][][][][][][][][][][][][][][] 
 []


Overfull \hbox (60.15134pt too wide) in paragraph at lines 1025--1026
[][][] 
 []


Overfull \hbox (54.60132pt too wide) in paragraph at lines 1026--1027
[][][][][][][][][][][][][][][][][][]
 []

[16]
Overfull \hbox (54.60132pt too wide) in paragraph at lines 1027--1028
[][][][][][][][][][][][][][][][][][]
 []


Overfull \hbox (54.60132pt too wide) in paragraph at lines 1028--1029
[][][][][][][][][][][][][][][][][][][][][][]
 []


Overfull \hbox (54.60132pt too wide) in paragraph at lines 1029--1030
[][][][][][][][][][][][][][][][][][]
 []


Overfull \hbox (54.60132pt too wide) in paragraph at lines 1030--1031
[][][][][][][][][][][][][][][][][][]
 []


Overfull \hbox (54.60132pt too wide) in paragraph at lines 1031--1032
[][][][][][][][][][][][][][][][][][]
 []


Overfull \hbox (54.60132pt too wide) in paragraph at lines 1032--1034
[][][][][][][][][][][][][][][][][][]
 []


Overfull \hbox (60.15134pt too wide) in paragraph at lines 1035--1036
[][][] 
 []


Overfull \hbox (54.60132pt too wide) in paragraph at lines 1036--1037
[][][][][][][][][][][][]
 []


Overfull \hbox (54.60132pt too wide) in paragraph at lines 1037--1038
[][][][][][][][][][][][][][][][][][][][]
 []


Overfull \hbox (54.60132pt too wide) in paragraph at lines 1038--1039
[][][][][][][][][][][][][][][][][][][][]
 []


Overfull \hbox (60.15134pt too wide) in paragraph at lines 1039--1040
[][][][] 
 []


Overfull \hbox (54.60132pt too wide) in paragraph at lines 1040--1043
[][][][][][][][][][][][][][][][][][][][]
 []


Overfull \hbox (60.15134pt too wide) in paragraph at lines 1044--1045
[][][] 
 []


Overfull \hbox (54.60132pt too wide) in paragraph at lines 1045--1046
[][][][][][][][][][][][][][][][][][][][]
 []


Overfull \hbox (54.60132pt too wide) in paragraph at lines 1046--1047
[][][][][][][][][][][][][][][][][][]
 []


Overfull \hbox (54.60132pt too wide) in paragraph at lines 1047--1050
[][][][][][][][][][][][][][][][]
 []


Overfull \hbox (60.15134pt too wide) in paragraph at lines 1051--1052
[][][] 
 []


Overfull \hbox (37.95126pt too wide) in paragraph at lines 1052--1053
[][][][][][][][][][][][][][][][][][][][][][][][][][][][] 
 []

[17]
Overfull \hbox (93.45145pt too wide) in paragraph at lines 1068--1070
[][][][][][][][][][][][][][][] 
 []


Overfull \hbox (93.45145pt too wide) in paragraph at lines 1075--1076
[][][] 
 []


Overfull \hbox (10.20117pt too wide) in paragraph at lines 1078--1079
[][][][][][][][][][][][][][][][][][][][][][][][][] 
 []


Overfull \hbox (93.45145pt too wide) in paragraph at lines 1079--1081
[][][] 
 []


Overfull \hbox (15.75119pt too wide) in paragraph at lines 1099--1100
[][][][][][][][][][][][][][][][][][][][][][][][] 
 []


Overfull \hbox (104.55148pt too wide) in paragraph at lines 1117--1118
[][][][][][][][][][][][][][][][][][][][][][][][] 
 []

[18]
Overfull \hbox (87.90143pt too wide) in paragraph at lines 1125--1126
[][][][] 
 []


Overfull \hbox (93.45145pt too wide) in paragraph at lines 1126--1127
[][][][][][][][][][][][][][][][][][][][][][][][][][][][][][][][][][][][][][][] 

 []


Overfull \hbox (87.90143pt too wide) in paragraph at lines 1127--1128
[][][] 
 []


Overfull \hbox (37.95126pt too wide) in paragraph at lines 1128--1129
[][][][][][][][][][][][][][][][][][][][][][][][][][][][][][][][][][][][][][][]
 []


Overfull \hbox (87.90143pt too wide) in paragraph at lines 1129--1132
[][][][] 
 []


Overfull \hbox (93.45145pt too wide) in paragraph at lines 1132--1133
[][][][][][][][][][][][][][][][][][][][][][][][] 
 []


Overfull \hbox (87.90143pt too wide) in paragraph at lines 1140--1141
[][][][] 
 []


Overfull \hbox (93.45145pt too wide) in paragraph at lines 1141--1142
[][][][][][][][][][][][][][][][][][][][][][][][][][][][][][][][][][][][][][][] 

 []


Overfull \hbox (87.90143pt too wide) in paragraph at lines 1142--1143
[][][] 
 []


Overfull \hbox (37.95126pt too wide) in paragraph at lines 1143--1144
[][][][][][][][][][][][][][][][][][][][][][][][][][][][][][][][][][][][][]
 []


Overfull \hbox (87.90143pt too wide) in paragraph at lines 1144--1147
[][][][] 
 []


Overfull \hbox (87.90143pt too wide) in paragraph at lines 1147--1148
[][][][][][][][][][][][][][][][][][][][][][][][] 
 []


Overfull \hbox (87.90143pt too wide) in paragraph at lines 1155--1156
[][][][] 
 []


Overfull \hbox (93.45145pt too wide) in paragraph at lines 1156--1157
[][][][][][][][][][][][][][][][][][][][][][][][][][][][][][][][][][][][][][][] 

 []


Overfull \hbox (87.90143pt too wide) in paragraph at lines 1157--1158
[][][] 
 []


Overfull \hbox (37.95126pt too wide) in paragraph at lines 1158--1159
[][][][][][][][][][][][][][][][][][][][][][][][][][][][][][][][][][][][][]
 []


Overfull \hbox (87.90143pt too wide) in paragraph at lines 1159--1162
[][][][] 
 []


Overfull \hbox (93.45145pt too wide) in paragraph at lines 1162--1163
[][][][][][][][][][][][][][][][][][][][][][][][] 
 []


Overfull \hbox (87.90143pt too wide) in paragraph at lines 1170--1171
[][][][] 
 []


Overfull \hbox (93.45145pt too wide) in paragraph at lines 1171--1172
[][][][][][][][][][][][][][][][][][][][][][][][][][][][][][][][][][][][][][][] 

 []


Overfull \hbox (87.90143pt too wide) in paragraph at lines 1172--1173
[][][] 
 []


Overfull \hbox (37.95126pt too wide) in paragraph at lines 1173--1174
[][][][][][][][][][][][][][][][][][][][][][][][][][][][][][][][][][][][][][][]
 []

[19]
Overfull \hbox (37.95126pt too wide) in paragraph at lines 1174--1175
[][][][][][][][][][][][][][][][][][][][][][][][][][][][][][][][][][][][][]
 []


Overfull \hbox (37.95126pt too wide) in paragraph at lines 1175--1176
[][][][][][][][][][][][][][][][][][][][][][][][][][][][][][][][][][][][][]
 []


Overfull \hbox (87.90143pt too wide) in paragraph at lines 1176--1179
[][][][] 
 []


Overfull \hbox (104.55148pt too wide) in paragraph at lines 1179--1180
[][][][][][][][][][][][][][][][][][][][][][][][] 
 []


Overfull \hbox (87.90143pt too wide) in paragraph at lines 1187--1188
[][][][] 
 []


Overfull \hbox (93.45145pt too wide) in paragraph at lines 1188--1189
[][][][][][][][][][][][][][][][][][][][][][][][][][][][][][][][][][][][][][][] 

 []


Overfull \hbox (87.90143pt too wide) in paragraph at lines 1189--1190
[][][] 
 []


Overfull \hbox (37.95126pt too wide) in paragraph at lines 1190--1191
[][][][][][][][][][][][][][][][][][][][][][][][][][][][][][][][][][][][][][][]
 []


Overfull \hbox (37.95126pt too wide) in paragraph at lines 1191--1192
[][][][][][][][][][][][][][][][][][][][][][][][][][][][][][][][][][][][][]
 []


Overfull \hbox (87.90143pt too wide) in paragraph at lines 1192--1195
[][][][] 
 []


Overfull \hbox (93.45145pt too wide) in paragraph at lines 1195--1196
[][][][][][][][][][][][][][][][][][][][][][][][] 
 []


Overfull \hbox (87.90143pt too wide) in paragraph at lines 1203--1204
[][][][] 
 []


Overfull \hbox (93.45145pt too wide) in paragraph at lines 1204--1205
[][][][][][][][][][][][][][][][][][][][][][][][][][][][][][][][][][][][][][][] 

 []


Overfull \hbox (87.90143pt too wide) in paragraph at lines 1205--1206
[][][] 
 []


Overfull \hbox (37.95126pt too wide) in paragraph at lines 1206--1207
[][][][][][][][][][][][][][][][][][][][][][][][][][][][][][][][][][][][][]
 []


Overfull \hbox (87.90143pt too wide) in paragraph at lines 1207--1210
[][][][] 
 []


Overfull \hbox (93.45145pt too wide) in paragraph at lines 1210--1211
[][][] 
 []


Overfull \hbox (93.45145pt too wide) in paragraph at lines 1213--1215
[][][][][][][][][][][][][][][][][][][][][][][] 
 []


Overfull \hbox (110.1015pt too wide) in paragraph at lines 1215--1216
[][][][][][][][][][][][][][][][][][][][][][][][][][][] 
 []


Overfull \hbox (99.00146pt too wide) in paragraph at lines 1216--1217
[][][][][][][][][][][][][][][][][][][][][][][][][][][] 
 []


Overfull \hbox (110.1015pt too wide) in paragraph at lines 1217--1219
[][][][][][][][][][][][][][][][][][][][][][][][][][][] 
 []


Overfull \hbox (60.15134pt too wide) in paragraph at lines 1220--1221
[][][] 
 []


Overfull \hbox (54.60132pt too wide) in paragraph at lines 1221--1222
[][][][][][][][][][][][][][][][][][][][][][][][]
 []

[20]
Overfull \hbox (54.60132pt too wide) in paragraph at lines 1222--1223
[][][][][][][][][][][][][][][][][][][][][][][][]
 []


Overfull \hbox (54.60132pt too wide) in paragraph at lines 1223--1224
[][][][][][][][][][][][][][][][][][][][][][][][]
 []


Overfull \hbox (54.60132pt too wide) in paragraph at lines 1224--1225
[][][][][][][][][][][][][][][][][][][][][][][][][][][][]
 []


Overfull \hbox (54.60132pt too wide) in paragraph at lines 1225--1226
[][][][][][][][][][][][][][][][][][][][][][][][]
 []


Overfull \hbox (54.60132pt too wide) in paragraph at lines 1226--1227
[][][][][][][][][][][][][][][][][][][][][][][][]
 []


Overfull \hbox (54.60132pt too wide) in paragraph at lines 1227--1228
[][][][][][][][][][][][][][][][][][][][][][][][]
 []


Overfull \hbox (54.60132pt too wide) in paragraph at lines 1228--1230
[][][][][][][][][][][][][][][][][][][][][][][][]
 []


Overfull \hbox (4.65115pt too wide) in paragraph at lines 1230--1231
[][][][][][][][][][][][][][][][][][][][] 
 []


Overfull \hbox (60.15134pt too wide) in paragraph at lines 1231--1232
[][][] 
 []


Overfull \hbox (54.60132pt too wide) in paragraph at lines 1232--1233
[][][][][][][][][][][][][][][][][][]
 []


Overfull \hbox (54.60132pt too wide) in paragraph at lines 1233--1234
[][][][][][][][][][][][][][][][][][]
 []


Overfull \hbox (54.60132pt too wide) in paragraph at lines 1234--1235
[][][][][][][][][][][][][][][][][][][][][][]
 []


Overfull \hbox (54.60132pt too wide) in paragraph at lines 1235--1236
[][][][][][][][][][][][][][][][][][]
 []


Overfull \hbox (54.60132pt too wide) in paragraph at lines 1236--1237
[][][][][][][][][][][][][][][][][][]
 []


Overfull \hbox (54.60132pt too wide) in paragraph at lines 1237--1238
[][][][][][][][][][][][][][][][][][]
 []


Overfull \hbox (54.60132pt too wide) in paragraph at lines 1238--1240
[][][][][][][][][][][][][][][][][][]
 []


Overfull \hbox (60.15134pt too wide) in paragraph at lines 1241--1242
[][][] 
 []


Overfull \hbox (54.60132pt too wide) in paragraph at lines 1242--1243
[][][][][][][][][][][][]
 []


Overfull \hbox (54.60132pt too wide) in paragraph at lines 1243--1244
[][][][][][][][][][][][][][][][][][][][]
 []


Overfull \hbox (54.60132pt too wide) in paragraph at lines 1244--1245
[][][][][][][][][][][][][][][][][][][][]
 []


Overfull \hbox (60.15134pt too wide) in paragraph at lines 1245--1246
[][][][] 
 []


Overfull \hbox (54.60132pt too wide) in paragraph at lines 1246--1249
[][][][][][][][][][][][][][][][][][][][]
 []


Overfull \hbox (60.15134pt too wide) in paragraph at lines 1250--1251
[][][] 
 []


Overfull \hbox (54.60132pt too wide) in paragraph at lines 1251--1252
[][][][][][][][][][][][][][][][][][][][]
 []


Overfull \hbox (54.60132pt too wide) in paragraph at lines 1252--1253
[][][][][][][][][][][][][][][][][][]
 []


Overfull \hbox (54.60132pt too wide) in paragraph at lines 1253--1256
[][][][][][][][][][][][][][][][]
 []

[21]
Overfull \hbox (60.15134pt too wide) in paragraph at lines 1257--1258
[][][] 
 []


Overfull \hbox (37.95126pt too wide) in paragraph at lines 1258--1259
[][][][][][][][][][][][][][][][][][][][][][][][][][][][] 
 []


Overfull \hbox (93.45145pt too wide) in paragraph at lines 1274--1276
[][][][][][][][][][][][][][][] 
 []


Overfull \hbox (93.45145pt too wide) in paragraph at lines 1281--1282
[][][] 
 []


Overfull \hbox (10.20117pt too wide) in paragraph at lines 1284--1285
[][][][][][][][][][][][][][][][][][][][][][][][][] 
 []


Overfull \hbox (93.45145pt too wide) in paragraph at lines 1285--1287
[][][] 
 []


Overfull \hbox (15.75119pt too wide) in paragraph at lines 1305--1306
[][][][][][][][][][][][][][][][][][][][][][][][] 
 []

[22]
Overfull \hbox (82.35141pt too wide) in paragraph at lines 1323--1324
[][][][][][][][][][][][][][][][][][][][][][][][] 
 []


Overfull \hbox (87.90143pt too wide) in paragraph at lines 1331--1332
[][][][] 
 []


Overfull \hbox (93.45145pt too wide) in paragraph at lines 1332--1333
[][][][][][][][][][][][][][][][][][][][][][][][][][][][][][][][][][][][][][][] 

 []


Overfull \hbox (87.90143pt too wide) in paragraph at lines 1333--1334
[][][] 
 []


Overfull \hbox (37.95126pt too wide) in paragraph at lines 1334--1335
[][][][][][][][][][][][][][][][][][][][][][][][][][][][][][][][][][][][][][][]
 []


Overfull \hbox (37.95126pt too wide) in paragraph at lines 1335--1336
[][][][][][][][][][][][][][][][][][][][][][][][][][][][][][][][][][][][][][][]
 []


Overfull \hbox (37.95126pt too wide) in paragraph at lines 1336--1337
[][][][][][][][][][][][][][][][][][][][][][][][][][][][][][][][][][][][][][][]
 []


Overfull \hbox (37.95126pt too wide) in paragraph at lines 1337--1338
[][][][][][][][][][][][][][][][][][][][][][][][][][][][][][][][][][][][][][][]
 []


Overfull \hbox (37.95126pt too wide) in paragraph at lines 1338--1339
[][][][][][][][][][][][][][][][][][][][][][][][][][][][][][][][][][][][][][][]
 []


Overfull \hbox (37.95126pt too wide) in paragraph at lines 1339--1340
[][][][][][][][][][][][][][][][][][][][][][][][][][][][][][][][][][][][][][][]
 []


Overfull \hbox (37.95126pt too wide) in paragraph at lines 1340--1341
[][][][][][][][][][][][][][][][][][][][][][][][][][][][][][][][][][][][][][][]
 []


Overfull \hbox (37.95126pt too wide) in paragraph at lines 1341--1342
[][][][][][][][][][][][][][][][][][][][][][][][][][][][][][][]
 []


Overfull \hbox (37.95126pt too wide) in paragraph at lines 1342--1343
[][][][][][][][][][][][][][][][][][][][][][][][][][][][][][][]
 []


Overfull \hbox (87.90143pt too wide) in paragraph at lines 1343--1346
[][][][] 
 []


Overfull \hbox (132.30157pt too wide) in paragraph at lines 1346--1347
[][][][][][][][][][][][][][][][][][][][][][][][] 
 []


Overfull \hbox (87.90143pt too wide) in paragraph at lines 1354--1355
[][][][] 
 []

[23]
Overfull \hbox (93.45145pt too wide) in paragraph at lines 1355--1356
[][][][][][][][][][][][][][][][][][][][][][][][][][][][][][][][][][][][][][][] 

 []


Overfull \hbox (87.90143pt too wide) in paragraph at lines 1356--1357
[][][] 
 []


Overfull \hbox (37.95126pt too wide) in paragraph at lines 1357--1358
[][][][][][][][][][][][][][][][][][][][][][][][][][][][][][][][][][][][][][][]
 []


Overfull \hbox (37.95126pt too wide) in paragraph at lines 1358--1359
[][][][][][][][][][][][][][][][][][][][][][][][][][][][][][][][][][][][][][][]
 []


Overfull \hbox (37.95126pt too wide) in paragraph at lines 1359--1360
[][][][][][][][][][][][][][][][][][][][][][][][][][][][][][][][][][][][][][][]
 []


Overfull \hbox (37.95126pt too wide) in paragraph at lines 1360--1361
[][][][][][][][][][][][][][][][][][][][][][][][][][][][][][][][][][][][][][][]
 []


Overfull \hbox (37.95126pt too wide) in paragraph at lines 1361--1362
[][][][][][][][][][][][][][][][][][][][][][][][][][][][][][][][][][][][][][][]
 []


Overfull \hbox (37.95126pt too wide) in paragraph at lines 1362--1363
[][][][][][][][][][][][][][][][][][][][][][][][][][][][][][][][][][][][][][][]
 []


Overfull \hbox (37.95126pt too wide) in paragraph at lines 1363--1364
[][][][][][][][][][][][][][][][][][][][][][][][][][][][][][][][][][][][][][][]
 []


Overfull \hbox (37.95126pt too wide) in paragraph at lines 1364--1365
[][][][][][][][][][][][][][][][][][][][][][][][][][][][][][][][][][][][][][][]
 []


Overfull \hbox (37.95126pt too wide) in paragraph at lines 1365--1366
[][][][][][][][][][][][][][][][][][][][][][][][][][][][][][][]
 []


Overfull \hbox (37.95126pt too wide) in paragraph at lines 1366--1367
[][][][][][][][][][][][][][][][][][][][][][][][][][][][][][][]
 []


Overfull \hbox (87.90143pt too wide) in paragraph at lines 1367--1370
[][][][] 
 []


Overfull \hbox (93.45145pt too wide) in paragraph at lines 1370--1371
[][][][][][][][][][][][][][][][][][][][][][][][] 
 []


Overfull \hbox (87.90143pt too wide) in paragraph at lines 1378--1379
[][][][] 
 []


Overfull \hbox (93.45145pt too wide) in paragraph at lines 1379--1380
[][][][][][][][][][][][][][][][][][][][][][][][][][][][][][][][][][][][][][][] 

 []


Overfull \hbox (87.90143pt too wide) in paragraph at lines 1380--1381
[][][] 
 []


Overfull \hbox (37.95126pt too wide) in paragraph at lines 1381--1382
[][][][][][][][][][][][][][][][][][][][][][][][][][][][][][][][][][][][][][][]
 []


Overfull \hbox (37.95126pt too wide) in paragraph at lines 1382--1383
[][][][][][][][][][][][][][][][][][][][][][][][][][][][][][][][][][][][][][][]
 []


Overfull \hbox (37.95126pt too wide) in paragraph at lines 1383--1384
[][][][][][][][][][][][][][][][][][][][][][][][][][][][][][][][][][][][][][][]
 []


Overfull \hbox (37.95126pt too wide) in paragraph at lines 1384--1385
[][][][][][][][][][][][][][][][][][][][][][][][][][][][][][][][][][][][][]
 []


Overfull \hbox (37.95126pt too wide) in paragraph at lines 1385--1386
[][][][][][][][][][][][][][][][][][][][][][][][][][][][][][][]
 []


Overfull \hbox (37.95126pt too wide) in paragraph at lines 1386--1387
[][][][][][][][][][][][][][][][][][][][][][][][][][][][][][][]
 []


Overfull \hbox (87.90143pt too wide) in paragraph at lines 1387--1390
[][][][] 
 []


Overfull \hbox (93.45145pt too wide) in paragraph at lines 1390--1391
[][][] 
 []

[24]
Overfull \hbox (93.45145pt too wide) in paragraph at lines 1393--1395
[][][][][][][][][][][][][][][][][][][][][][][] 
 []


Overfull \hbox (87.90143pt too wide) in paragraph at lines 1395--1396
[][][][][][][][][][][][][][][][][][][][][][][][][][][] 
 []


Overfull \hbox (137.8516pt too wide) in paragraph at lines 1396--1397
[][][][][][][][][][][][][][][][][][][][][][][][][][][] 
 []


Overfull \hbox (99.00146pt too wide) in paragraph at lines 1397--1399
[][][][][][][][][][][][][][][][][][][][][][][][][][][] 
 []


Overfull \hbox (60.15134pt too wide) in paragraph at lines 1400--1401
[][][] 
 []


Overfull \hbox (54.60132pt too wide) in paragraph at lines 1401--1402
[][][][][][][][][][][][][][][][][][][][][][][][]
 []


Overfull \hbox (54.60132pt too wide) in paragraph at lines 1402--1403
[][][][][][][][][][][][][][][][][][][][][][][][]
 []


Overfull \hbox (54.60132pt too wide) in paragraph at lines 1403--1404
[][][][][][][][][][][][][][][][][][][][][][][][]
 []


Overfull \hbox (54.60132pt too wide) in paragraph at lines 1404--1405
[][][][][][][][][][][][][][][][][][][][][][][][][][][][]
 []


Overfull \hbox (54.60132pt too wide) in paragraph at lines 1405--1406
[][][][][][][][][][][][][][][][][][][][][][][][]
 []


Overfull \hbox (54.60132pt too wide) in paragraph at lines 1406--1407
[][][][][][][][][][][][][][][][][][][][][][][][]
 []


Overfull \hbox (54.60132pt too wide) in paragraph at lines 1407--1408
[][][][][][][][][][][][][][][][][][][][][][][][]
 []


Overfull \hbox (54.60132pt too wide) in paragraph at lines 1408--1410
[][][][][][][][][][][][][][][][][][][][][][][][]
 []


Overfull \hbox (4.65115pt too wide) in paragraph at lines 1410--1411
[][][][][][][][][][][][][][][][][][][][] 
 []


Overfull \hbox (60.15134pt too wide) in paragraph at lines 1411--1412
[][][] 
 []


Overfull \hbox (54.60132pt too wide) in paragraph at lines 1412--1413
[][][][][][][][][][][][][][][][][][]
 []


Overfull \hbox (54.60132pt too wide) in paragraph at lines 1413--1414
[][][][][][][][][][][][][][][][][][]
 []


Overfull \hbox (54.60132pt too wide) in paragraph at lines 1414--1415
[][][][][][][][][][][][][][][][][][][][][][]
 []


Overfull \hbox (54.60132pt too wide) in paragraph at lines 1415--1416
[][][][][][][][][][][][][][][][][][]
 []


Overfull \hbox (54.60132pt too wide) in paragraph at lines 1416--1417
[][][][][][][][][][][][][][][][][][]
 []


Overfull \hbox (54.60132pt too wide) in paragraph at lines 1417--1418
[][][][][][][][][][][][][][][][][][]
 []


Overfull \hbox (54.60132pt too wide) in paragraph at lines 1418--1420
[][][][][][][][][][][][][][][][][][]
 []


Overfull \hbox (60.15134pt too wide) in paragraph at lines 1421--1422
[][][] 
 []


Overfull \hbox (54.60132pt too wide) in paragraph at lines 1422--1423
[][][][][][][][][][][][]
 []


Overfull \hbox (54.60132pt too wide) in paragraph at lines 1423--1424
[][][][][][][][][][][][][][][][][][][][]
 []


Overfull \hbox (54.60132pt too wide) in paragraph at lines 1424--1425
[][][][][][][][][][][][][][][][][][][][]
 []


Overfull \hbox (60.15134pt too wide) in paragraph at lines 1425--1426
[][][][] 
 []


Overfull \hbox (54.60132pt too wide) in paragraph at lines 1426--1429
[][][][][][][][][][][][][][][][][][][][]
 []

[25]
Overfull \hbox (60.15134pt too wide) in paragraph at lines 1430--1431
[][][] 
 []


Overfull \hbox (54.60132pt too wide) in paragraph at lines 1431--1432
[][][][][][][][][][][][][][][][][][][][]
 []


Overfull \hbox (54.60132pt too wide) in paragraph at lines 1432--1433
[][][][][][][][][][][][][][][][][][]
 []


Overfull \hbox (54.60132pt too wide) in paragraph at lines 1433--1436
[][][][][][][][][][][][][][][][]
 []


Overfull \hbox (60.15134pt too wide) in paragraph at lines 1437--1438
[][][] 
 []


Overfull \hbox (37.95126pt too wide) in paragraph at lines 1438--1439
[][][][][][][][][][][][][][][][][][][][][][][][][][][][] 
 []


Overfull \hbox (93.45145pt too wide) in paragraph at lines 1454--1455
[][][][][][][][][][][][][][][] 
 []


Overfull \hbox (93.45145pt too wide) in paragraph at lines 1460--1461
[][][] 
 []


Overfull \hbox (10.20117pt too wide) in paragraph at lines 1463--1464
[][][][][][][][][][][][][][][][][][][][][][][][][] 
 []


Overfull \hbox (93.45145pt too wide) in paragraph at lines 1464--1466
[][][] 
 []

[26]
Overfull \hbox (15.75119pt too wide) in paragraph at lines 1484--1485
[][][][][][][][][][][][][][][][][][][][][][][][] 
 []


Overfull \hbox (87.90143pt too wide) in paragraph at lines 1502--1503
[][][][][][][][][][][][][][][][][][][][][][][][] 
 []


Overfull \hbox (87.90143pt too wide) in paragraph at lines 1510--1511
[][][][] 
 []


Overfull \hbox (93.45145pt too wide) in paragraph at lines 1511--1512
[][][][][][][][][][][][][][][][][][][][][][][][][][][][][][][][][][][][][][][] 

 []


Overfull \hbox (87.90143pt too wide) in paragraph at lines 1512--1513
[][][] 
 []


Overfull \hbox (37.95126pt too wide) in paragraph at lines 1513--1514
[][][][][][][][][][][][][][][][][][][][][][][][][][][][][][][][][][][][][]
 []


Overfull \hbox (37.95126pt too wide) in paragraph at lines 1514--1515
[][][][][][][][][][][][][][][][][][][][][][][][][][][][][][][]
 []


Overfull \hbox (37.95126pt too wide) in paragraph at lines 1515--1516
[][][][][][][][][][][][][][][][][][][][][][][][][][][][][][][]
 []


Overfull \hbox (87.90143pt too wide) in paragraph at lines 1516--1519
[][][][] 
 []


Overfull \hbox (93.45145pt too wide) in paragraph at lines 1519--1520
[][][][][][][][][][][][][][][][][][][][][][][][] 
 []


Overfull \hbox (87.90143pt too wide) in paragraph at lines 1527--1528
[][][][] 
 []


Overfull \hbox (93.45145pt too wide) in paragraph at lines 1528--1529
[][][][][][][][][][][][][][][][][][][][][][][][][][][][][][][][][][][][][][][] 

 []


Overfull \hbox (87.90143pt too wide) in paragraph at lines 1529--1530
[][][] 
 []


Overfull \hbox (37.95126pt too wide) in paragraph at lines 1530--1531
[][][][][][][][][][][][][][][][][][][][][][][][][][][][][][][][][][][][][]
 []

[27]
Overfull \hbox (37.95126pt too wide) in paragraph at lines 1531--1532
[][][][][][][][][][][][][][][][][][][][][][][][][][][][][][][]
 []


Overfull \hbox (37.95126pt too wide) in paragraph at lines 1532--1533
[][][][][][][][][][][][][][][][][][][][][][][][][][][][][][][]
 []


Overfull \hbox (87.90143pt too wide) in paragraph at lines 1533--1536
[][][][] 
 []


Overfull \hbox (99.00146pt too wide) in paragraph at lines 1536--1537
[][][][][][][][][][][][][][][][][][][][][][][][] 
 []


Overfull \hbox (87.90143pt too wide) in paragraph at lines 1544--1545
[][][][] 
 []


Overfull \hbox (93.45145pt too wide) in paragraph at lines 1545--1546
[][][][][][][][][][][][][][][][][][][][][][][][][][][][][][][][][][][][][][][] 

 []


Overfull \hbox (87.90143pt too wide) in paragraph at lines 1546--1547
[][][] 
 []


Overfull \hbox (37.95126pt too wide) in paragraph at lines 1547--1548
[][][][][][][][][][][][][][][][][][][][][][][][][][][][][][][][][][][][][]
 []


Overfull \hbox (37.95126pt too wide) in paragraph at lines 1548--1549
[][][][][][][][][][][][][][][][][][][][][][][][][][][][][][][]
 []


Overfull \hbox (37.95126pt too wide) in paragraph at lines 1549--1550
[][][][][][][][][][][][][][][][][][][][][][][][][][][][][][][]
 []


Overfull \hbox (87.90143pt too wide) in paragraph at lines 1550--1553
[][][][] 
 []


Overfull \hbox (93.45145pt too wide) in paragraph at lines 1553--1554
[][][] 
 []


Overfull \hbox (60.15134pt too wide) in paragraph at lines 1557--1558
[][][] 
 []


Overfull \hbox (54.60132pt too wide) in paragraph at lines 1558--1559
[][][][][][][][][][][][][][][][][][][][][][][][]
 []


Overfull \hbox (54.60132pt too wide) in paragraph at lines 1559--1560
[][][][][][][][][][][][][][][][][][][][][][][][]
 []


Overfull \hbox (54.60132pt too wide) in paragraph at lines 1560--1561
[][][][][][][][][][][][][][][][][][][][][][][][]
 []


Overfull \hbox (54.60132pt too wide) in paragraph at lines 1561--1562
[][][][][][][][][][][][][][][][][][][][][][][][][][][][]
 []


Overfull \hbox (54.60132pt too wide) in paragraph at lines 1562--1563
[][][][][][][][][][][][][][][][][][][][][][][][]
 []


Overfull \hbox (54.60132pt too wide) in paragraph at lines 1563--1564
[][][][][][][][][][][][][][][][][][][][][][][][]
 []


Overfull \hbox (54.60132pt too wide) in paragraph at lines 1564--1565
[][][][][][][][][][][][][][][][][][][][][][][][]
 []


Overfull \hbox (54.60132pt too wide) in paragraph at lines 1565--1567
[][][][][][][][][][][][][][][][][][][][][][][][]
 []


Overfull \hbox (4.65115pt too wide) in paragraph at lines 1567--1568
[][][][][][][][][][][][][][][][][][][][] 
 []


Overfull \hbox (60.15134pt too wide) in paragraph at lines 1568--1569
[][][] 
 []


Overfull \hbox (54.60132pt too wide) in paragraph at lines 1569--1570
[][][][][][][][][][][][][][][][][][]
 []

[28]
Overfull \hbox (54.60132pt too wide) in paragraph at lines 1570--1571
[][][][][][][][][][][][][][][][][][]
 []


Overfull \hbox (54.60132pt too wide) in paragraph at lines 1571--1572
[][][][][][][][][][][][][][][][][][][][][][]
 []


Overfull \hbox (54.60132pt too wide) in paragraph at lines 1572--1573
[][][][][][][][][][][][][][][][][][]
 []


Overfull \hbox (54.60132pt too wide) in paragraph at lines 1573--1574
[][][][][][][][][][][][][][][][][][]
 []


Overfull \hbox (54.60132pt too wide) in paragraph at lines 1574--1575
[][][][][][][][][][][][][][][][][][]
 []


Overfull \hbox (54.60132pt too wide) in paragraph at lines 1575--1577
[][][][][][][][][][][][][][][][][][]
 []


Overfull \hbox (60.15134pt too wide) in paragraph at lines 1578--1579
[][][] 
 []


Overfull \hbox (54.60132pt too wide) in paragraph at lines 1579--1580
[][][][][][][][][][][][]
 []


Overfull \hbox (54.60132pt too wide) in paragraph at lines 1580--1581
[][][][][][][][][][][][][][][][][][][][]
 []


Overfull \hbox (54.60132pt too wide) in paragraph at lines 1581--1582
[][][][][][][][][][][][][][][][][][][][]
 []


Overfull \hbox (60.15134pt too wide) in paragraph at lines 1582--1583
[][][][] 
 []


Overfull \hbox (54.60132pt too wide) in paragraph at lines 1583--1586
[][][][][][][][][][][][][][][][][][][][]
 []


Overfull \hbox (60.15134pt too wide) in paragraph at lines 1587--1588
[][][] 
 []


Overfull \hbox (54.60132pt too wide) in paragraph at lines 1588--1589
[][][][][][][][][][][][][][][][][][][][]
 []


Overfull \hbox (54.60132pt too wide) in paragraph at lines 1589--1590
[][][][][][][][][][][][][][][][][][]
 []


Overfull \hbox (54.60132pt too wide) in paragraph at lines 1590--1593
[][][][][][][][][][][][][][][][]
 []


Overfull \hbox (60.15134pt too wide) in paragraph at lines 1594--1595
[][][] 
 []


Overfull \hbox (37.95126pt too wide) in paragraph at lines 1595--1596
[][][][][][][][][][][][][][][][][][][][][][][][][][][][] 
 []

[29]
Overfull \hbox (93.45145pt too wide) in paragraph at lines 1611--1613
[][][][][][][][][][][][][][][] 
 []


Overfull \hbox (93.45145pt too wide) in paragraph at lines 1618--1619
[][][] 
 []


Overfull \hbox (10.20117pt too wide) in paragraph at lines 1621--1622
[][][][][][][][][][][][][][][][][][][][][][][][][] 
 []


Overfull \hbox (93.45145pt too wide) in paragraph at lines 1622--1624
[][][] 
 []


Overfull \hbox (15.75119pt too wide) in paragraph at lines 1642--1643
[][][][][][][][][][][][][][][][][][][][][][][][] 
 []


Overfull \hbox (37.95126pt too wide) in paragraph at lines 1660--1661
[][][][][][][][][][][][][][][][][][][][][][][][] 
 []

[30]
Overfull \hbox (87.90143pt too wide) in paragraph at lines 1668--1669
[][][][] 
 []


Overfull \hbox (93.45145pt too wide) in paragraph at lines 1669--1670
[][][][][][][][][][][][][][][][][][][][][][][][][][][][][][][][][][][][][][][] 

 []


Overfull \hbox (87.90143pt too wide) in paragraph at lines 1670--1671
[][][] 
 []


Overfull \hbox (37.95126pt too wide) in paragraph at lines 1671--1672
[][][][][][][][][][][][][][][][][][][][][][][][][][][][][][][][][][][][][][][]
 []


Overfull \hbox (37.95126pt too wide) in paragraph at lines 1672--1673
[][][][][][][][][][][][][][][][][][][][][][][][][][][][][][][][][][][][][]
 []


Overfull \hbox (37.95126pt too wide) in paragraph at lines 1673--1674
[][][][][][][][][][][][][][][][][][][][][][][][][][][][][][][][][][][][][]
 []


Overfull \hbox (37.95126pt too wide) in paragraph at lines 1674--1675
[][][][][][][][][][][][][][][][][][][][][][][][][][][][][][][][][][][][][]
 []


Overfull \hbox (37.95126pt too wide) in paragraph at lines 1675--1676
[][][][][][][][][][][][][][][][][][][][][][][][][][][][][][][][][][][][][]
 []


Overfull \hbox (37.95126pt too wide) in paragraph at lines 1676--1677
[][][][][][][][][][][][][][][][][][][][][][][][][][][][][][][][][][][][][]
 []


Overfull \hbox (37.95126pt too wide) in paragraph at lines 1677--1678
[][][][][][][][][][][][][][][][][][][][][][][][][][][][][][][][][][][][][]
 []


Overfull \hbox (37.95126pt too wide) in paragraph at lines 1678--1679
[][][][][][][][][][][][][][][][][][][][][][][][][][][][][][][][][][][][][]
 []


Overfull \hbox (37.95126pt too wide) in paragraph at lines 1679--1680
[][][][][][][][][][][][][][][][][][][][][][][][][][][][][][][][][][][][][]
 []


Overfull \hbox (37.95126pt too wide) in paragraph at lines 1680--1681
[][][][][][][][][][][][][][][][][][][][][][][][][][][][][][][][][][][][][]
 []


Overfull \hbox (37.95126pt too wide) in paragraph at lines 1681--1682
[][][][][][][][][][][][][][][][][][][][][][][][][][][][][][][][][][][][][]
 []


Overfull \hbox (37.95126pt too wide) in paragraph at lines 1682--1683
[][][][][][][][][][][][][][][][][][][][][][][][][][][][][][][][][][][][][]
 []


Overfull \hbox (37.95126pt too wide) in paragraph at lines 1683--1684
[][][][][][][][][][][][][][][][][][][][][][][][][][][][][][][][][][][][][]
 []


Overfull \hbox (37.95126pt too wide) in paragraph at lines 1684--1685
[][][][][][][][][][][][][][][][][][][][][][][][][][][][][][][][][][][][][]
 []


Overfull \hbox (37.95126pt too wide) in paragraph at lines 1685--1686
[][][][][][][][][][][][][][][][][][][][][][][][][][][][][][][][][][][][][]
 []


Overfull \hbox (37.95126pt too wide) in paragraph at lines 1686--1687
[][][][][][][][][][][][][][][][][][][][][][][][][][][][][][][][][][][][][]
 []


Overfull \hbox (37.95126pt too wide) in paragraph at lines 1687--1688
[][][][][][][][][][][][][][][][][][][][][][][][][][][][][][][][][][][][][]
 []


Overfull \hbox (37.95126pt too wide) in paragraph at lines 1688--1689
[][][][][][][][][][][][][][][][][][][][][][][][][][][][][][][][][][][][][]
 []


Overfull \hbox (37.95126pt too wide) in paragraph at lines 1689--1690
[][][][][][][][][][][][][][][][][][][][][][][][][][][][][][][][][][][][][]
 []


Overfull \hbox (87.90143pt too wide) in paragraph at lines 1690--1693
[][][][] 
 []


Overfull \hbox (93.45145pt too wide) in paragraph at lines 1693--1694
[][][] 
 []


Overfull \hbox (93.45145pt too wide) in paragraph at lines 1696--1698
[][][][][][][][][][][][][][][][][][][][][][][] 
 []


Overfull \hbox (43.50128pt too wide) in paragraph at lines 1698--1700
[][][][][][][][][][][][][][][][][][][][][][][][][][][] 
 []


Overfull \hbox (60.15134pt too wide) in paragraph at lines 1701--1702
[][][] 
 []

[31]
Overfull \hbox (54.60132pt too wide) in paragraph at lines 1702--1703
[][][][][][][][][][][][][][][][][][][][][][][][]
 []


Overfull \hbox (54.60132pt too wide) in paragraph at lines 1703--1704
[][][][][][][][][][][][][][][][][][][][][][][][]
 []


Overfull \hbox (54.60132pt too wide) in paragraph at lines 1704--1705
[][][][][][][][][][][][][][][][][][][][][][][][]
 []


Overfull \hbox (54.60132pt too wide) in paragraph at lines 1705--1706
[][][][][][][][][][][][][][][][][][][][][][][][][][][][]
 []


Overfull \hbox (54.60132pt too wide) in paragraph at lines 1706--1707
[][][][][][][][][][][][][][][][][][][][][][][][]
 []


Overfull \hbox (54.60132pt too wide) in paragraph at lines 1707--1708
[][][][][][][][][][][][][][][][][][][][][][][][]
 []


Overfull \hbox (54.60132pt too wide) in paragraph at lines 1708--1709
[][][][][][][][][][][][][][][][][][][][][][][][]
 []


Overfull \hbox (54.60132pt too wide) in paragraph at lines 1709--1711
[][][][][][][][][][][][][][][][][][][][][][][][]
 []


Overfull \hbox (4.65115pt too wide) in paragraph at lines 1711--1712
[][][][][][][][][][][][][][][][][][][][] 
 []


Overfull \hbox (60.15134pt too wide) in paragraph at lines 1712--1713
[][][] 
 []


Overfull \hbox (54.60132pt too wide) in paragraph at lines 1713--1714
[][][][][][][][][][][][][][][][][][]
 []


Overfull \hbox (54.60132pt too wide) in paragraph at lines 1714--1715
[][][][][][][][][][][][][][][][][][]
 []


Overfull \hbox (54.60132pt too wide) in paragraph at lines 1715--1716
[][][][][][][][][][][][][][][][][][][][][][]
 []


Overfull \hbox (54.60132pt too wide) in paragraph at lines 1716--1717
[][][][][][][][][][][][][][][][][][]
 []


Overfull \hbox (54.60132pt too wide) in paragraph at lines 1717--1718
[][][][][][][][][][][][][][][][][][]
 []


Overfull \hbox (54.60132pt too wide) in paragraph at lines 1718--1719
[][][][][][][][][][][][][][][][][][]
 []


Overfull \hbox (54.60132pt too wide) in paragraph at lines 1719--1721
[][][][][][][][][][][][][][][][][][]
 []


Overfull \hbox (60.15134pt too wide) in paragraph at lines 1722--1723
[][][] 
 []


Overfull \hbox (54.60132pt too wide) in paragraph at lines 1723--1724
[][][][][][][][][][][][]
 []


Overfull \hbox (54.60132pt too wide) in paragraph at lines 1724--1725
[][][][][][][][][][][][][][][][][][][][]
 []


Overfull \hbox (54.60132pt too wide) in paragraph at lines 1725--1726
[][][][][][][][][][][][][][][][][][][][]
 []


Overfull \hbox (60.15134pt too wide) in paragraph at lines 1726--1727
[][][][] 
 []


Overfull \hbox (54.60132pt too wide) in paragraph at lines 1727--1730
[][][][][][][][][][][][][][][][][][][][]
 []


Overfull \hbox (60.15134pt too wide) in paragraph at lines 1731--1732
[][][] 
 []


Overfull \hbox (54.60132pt too wide) in paragraph at lines 1732--1733
[][][][][][][][][][][][][][][][][][][][]
 []


Overfull \hbox (54.60132pt too wide) in paragraph at lines 1733--1734
[][][][][][][][][][][][][][][][][][]
 []


Overfull \hbox (54.60132pt too wide) in paragraph at lines 1734--1737
[][][][][][][][][][][][][][][][]
 []

[32]
Overfull \hbox (60.15134pt too wide) in paragraph at lines 1738--1739
[][][] 
 []


Overfull \hbox (37.95126pt too wide) in paragraph at lines 1739--1740
[][][][][][][][][][][][][][][][][][][][][][][][][][][][] 
 []


Overfull \hbox (93.45145pt too wide) in paragraph at lines 1755--1756
[][][][][][][][][][][][][][][] 
 []

[33] (./report.aux) ) 
Here is how much of TeX's memory you used:
 2822 strings out of 494978
 40667 string characters out of 6180203
 164616 words of memory out of 5000000
 6025 multiletter control sequences out of 15000+600000
 8807 words of font info for 31 fonts, out of 8000000 for 9000
 36 hyphenation exceptions out of 8191
 37i,6n,32p,285b,1438s stack positions out of 5000i,500n,10000p,200000b,80000s
</usr/share/texlive/texmf-dist/fonts/type1/public/amsfonts
/cm/cmbx10.pfb></usr/share/texlive/texmf-dist/fonts/type1/public/amsfonts/cm/cm
bx12.pfb></usr/share/texlive/texmf-dist/fonts/type1/public/amsfonts/cm/cmmi5.pf
b></usr/share/texlive/texmf-dist/fonts/type1/public/amsfonts/cm/cmmi9.pfb></usr
/share/texlive/texmf-dist/fonts/type1/public/amsfonts/cm/cmr10.pfb></usr/share/
texlive/texmf-dist/fonts/type1/public/amsfonts/cm/cmr12.pfb></usr/share/texlive
/texmf-dist/fonts/type1/public/amsfonts/cm/cmr17.pfb></usr/share/texlive/texmf-
dist/fonts/type1/public/amsfonts/cm/cmr5.pfb></usr/share/texlive/texmf-dist/fon
ts/type1/public/amsfonts/cm/cmr9.pfb></usr/share/texlive/texmf-dist/fonts/type1
/public/amsfonts/cm/cmsy10.pfb></usr/share/texlive/texmf-dist/fonts/type1/publi
c/amsfonts/cm/cmsy5.pfb></usr/share/texlive/texmf-dist/fonts/type1/public/amsfo
nts/cm/cmsy9.pfb>
Output written on report.pdf (34 pages, 243772 bytes).
PDF statistics:
 165 PDF objects out of 1000 (max. 8388607)
 113 compressed objects within 2 object streams
 0 named destinations out of 1000 (max. 500000)
 6 words of extra memory for PDF output out of 10000 (max. 10000000)

