\BOOKMARK [1][-]{section.1}{Introduction}{}% 1
\BOOKMARK [1][-]{section.2}{Assumptions}{}% 2
\BOOKMARK [1][-]{section.3}{Class Diagram}{}% 3
\BOOKMARK [1][-]{section.4}{Listing files}{}% 4
\BOOKMARK [2][-]{subsection.4.1}{Alarm}{section.4}% 5
\BOOKMARK [3][-]{subsubsection.4.1.1}{Specification}{subsection.4.1}% 6
\BOOKMARK [3][-]{subsubsection.4.1.2}{Body}{subsection.4.1}% 7
\BOOKMARK [2][-]{subsection.4.2}{Console}{section.4}% 8
\BOOKMARK [3][-]{subsubsection.4.2.1}{Specification}{subsection.4.2}% 9
\BOOKMARK [3][-]{subsubsection.4.2.2}{Body}{subsection.4.2}% 10
\BOOKMARK [2][-]{subsection.4.3}{Sensors}{section.4}% 11
\BOOKMARK [3][-]{subsubsection.4.3.1}{Specification}{subsection.4.3}% 12
\BOOKMARK [3][-]{subsubsection.4.3.2}{Body}{subsection.4.3}% 13
\BOOKMARK [2][-]{subsection.4.4}{EscapeValve}{section.4}% 14
\BOOKMARK [3][-]{subsubsection.4.4.1}{Specification}{subsection.4.4}% 15
\BOOKMARK [3][-]{subsubsection.4.4.2}{Body}{subsection.4.4}% 16
\BOOKMARK [2][-]{subsection.4.5}{AVP}{section.4}% 17
\BOOKMARK [3][-]{subsubsection.4.5.1}{Specification}{subsection.4.5}% 18
\BOOKMARK [3][-]{subsubsection.4.5.2}{Body}{subsection.4.5}% 19
\BOOKMARK [1][-]{section.5}{Report}{}% 20
\BOOKMARK [1][-]{section.6}{Results}{}% 21
\BOOKMARK [2][-]{subsection.6.1}{env\1371.dat}{section.6}% 22
\BOOKMARK [2][-]{subsection.6.2}{env\1372.dat}{section.6}% 23
\BOOKMARK [1][-]{section.7}{Pogs reports}{}% 24
\BOOKMARK [2][-]{subsection.7.1}{Alarm}{section.7}% 25
\BOOKMARK [2][-]{subsection.7.2}{Console}{section.7}% 26
\BOOKMARK [2][-]{subsection.7.3}{Sensors}{section.7}% 27
\BOOKMARK [2][-]{subsection.7.4}{EscapeValve}{section.7}% 28
\BOOKMARK [2][-]{subsection.7.5}{AVP}{section.7}% 29
